<?xml version="1.0" encoding="UTF-8"?>
<!-- Generated by org.testng.reporters.JUnitReportReporter -->
<testsuite skipped="0" hostname="WGC1003WDQX52" name="com.testcases.OpenAccountTest" tests="1" failures="0" timestamp="11 Sep 2018 13:10:05 GMT" time="0.743" errors="0">
  <testcase name="openAccountTest" time="0.743" classname="com.testcases.OpenAccountTest"/>
</testsuite> <!-- com.testcases.OpenAccountTest -->
