<?xml version="1.0" encoding="UTF-8"?>
<!-- Generated by org.testng.reporters.JUnitReportReporter -->
<testsuite skipped="0" hostname="WGC1003WDQX52" name="com.testcases.BankManagerLoginTest" tests="1" failures="0" timestamp="11 Sep 2018 13:10:05 GMT" time="0.554" errors="0">
  <testcase name="bankManagerLoginTest" time="0.554" classname="com.testcases.BankManagerLoginTest"/>
</testsuite> <!-- com.testcases.BankManagerLoginTest -->
