<?xml version="1.0" encoding="UTF-8"?>
<!-- Generated by org.testng.reporters.JUnitReportReporter -->
<testsuite skipped="1" hostname="WGC1003WDQX52" name="com.testcases.AddCustomerTest" tests="4" failures="0" timestamp="11 Sep 2018 13:10:05 GMT" time="1.846" errors="0">
  <testcase name="addCustomerTest" time="0.565" classname="com.testcases.AddCustomerTest"/>
  <testcase name="addCustomerTest" time="0.000" classname="com.testcases.AddCustomerTest">
    <skipped/>
  </testcase> <!-- addCustomerTest -->
  <testcase name="addCustomerTest" time="0.746" classname="com.testcases.AddCustomerTest"/>
  <testcase name="addCustomerTest" time="0.535" classname="com.testcases.AddCustomerTest"/>
</testsuite> <!-- com.testcases.AddCustomerTest -->
