<?xml version="1.0" encoding="UTF-8"?>
<!-- Generated by org.testng.reporters.JUnitReportReporter -->
<testsuite skipped="0" hostname="WGC1003WDQX52" name="com.testcases.LoginTest" tests="1" failures="0" timestamp="03 Sep 2018 16:25:22 GMT" time="3.167" errors="0">
  <testcase name="loginAsBankManager" time="3.167" classname="com.testcases.LoginTest"/>
</testsuite> <!-- com.testcases.LoginTest -->
